<?xml version="1.0" encoding="UTF-8"?>
<!-- Generated by org.testng.reporters.JUnitReportReporter -->
<testsuite hostname="MrB" failures="0" tests="2" name="automationTestScriptExecrises.Cars" time="31.418" errors="0" timestamp="2021-04-24T00:12:10 EDT" skipped="0">
  <testcase classname="automationTestScriptExecrises.Cars" name="carsSearchTest" time="15.502"/>
  <system-out/>
  <testcase classname="automationTestScriptExecrises.Cars" name="carsSearchTest" time="15.916"/>
  <system-out/>
</testsuite> <!-- automationTestScriptExecrises.Cars -->
