<?xml version="1.0" encoding="UTF-8"?>
<!-- Generated by org.testng.reporters.JUnitReportReporter -->
<testsuite hostname="MrB" failures="0" tests="1" name="rough.t2" time="2.163" errors="0" timestamp="2021-04-01T11:38:58 EDT" skipped="0">
  <testcase classname="rough.t2" name="parallelTest" time="2.163"/>
  <system-out/>
</testsuite> <!-- rough.t2 -->
