<?xml version="1.0" encoding="UTF-8"?>
<!-- Generated by org.testng.reporters.JUnitReportReporter -->
<testsuite hostname="MrB" failures="0" tests="1" name="testcase.ZohoLoginTest" time="6.000" errors="0" timestamp="2021-03-23T00:11:05 EDT" skipped="0">
  <testcase classname="testcase.ZohoLoginTest" name="Zoho" time="6.000"/>
  <system-out/>
</testsuite> <!-- testcase.ZohoLoginTest -->
