<?xml version="1.0" encoding="UTF-8"?>
<!-- Generated by org.testng.reporters.JUnitReportReporter -->
<testsuite hostname="MrB" failures="0" tests="1" name="rough.TestCase3withBaseclass" time="9.457" errors="0" timestamp="2021-03-27T13:33:52 EDT" skipped="0">
  <testcase classname="rough.TestCase3withBaseclass" name="LoginTest" time="9.457"/>
  <system-out/>
</testsuite> <!-- rough.TestCase3withBaseclass -->
