<?xml version="1.0" encoding="UTF-8"?>
<!-- Generated by org.testng.reporters.JUnitReportReporter -->
<testsuite hostname="MrB" failures="0" tests="1" name="rough.TestCase2" time="10.134" errors="0" timestamp="2021-04-01T11:42:09 EDT" skipped="0">
  <testcase classname="rough.TestCase2" name="LoginTest2" time="10.134"/>
  <system-out/>
</testsuite> <!-- rough.TestCase2 -->
